<?xml version="1.0" encoding="UTF-8"?>
<!-- Generated by org.testng.reporters.JUnitXMLReporter -->
<testsuite ignored="4" hostname="DESKTOP-NLF7L4D" failures="0" tests="0" time="0.05" errors="0" timestamp="2024-01-08T23:54:16 IST">
  <testcase classname="testNG.Day3" name="carloan3" time="0.0">
    <ignored/>
  </testcase> <!-- carloan3 -->
  <testcase classname="testNG.Day3" name="carloan2" time="0.0">
    <ignored/>
  </testcase> <!-- carloan2 -->
  <testcase classname="testNG.Day3" name="carloan21" time="0.0">
    <ignored/>
  </testcase> <!-- carloan21 -->
  <testcase classname="testNG.Day3" name="carloan1" time="0.0">
    <ignored/>
  </testcase> <!-- carloan1 -->
</testsuite>
