<?xml version="1.0" encoding="UTF-8"?>
<testng-results ignored="0" total="2" passed="2" failed="0" skipped="0">
  <reporter-output>
  </reporter-output>
  <suite started-at="2024-01-09T23:38:09 IST" name="Default suite" finished-at="2024-01-09T23:38:09 IST" duration-ms="106">
    <groups>
    </groups>
    <test started-at="2024-01-09T23:38:09 IST" name="Default test" finished-at="2024-01-09T23:38:09 IST" duration-ms="106">
      <class name="basic.Ps1">
        <test-method is-config="true" signature="runningfirst()[pri:0, instance:basic.Ps1@6c64cb25]" started-at="2024-01-09T23:38:09 IST" name="runningfirst" finished-at="2024-01-09T23:38:09 IST" duration-ms="11" status="PASS">
          <reporter-output>
          </reporter-output>
        </test-method> <!-- runningfirst -->
        <test-method signature="loginTry()[pri:0, instance:basic.Ps1@6c64cb25]" started-at="2024-01-09T23:38:09 IST" name="loginTry" finished-at="2024-01-09T23:38:09 IST" duration-ms="14" status="PASS">
          <reporter-output>
          </reporter-output>
        </test-method> <!-- loginTry -->
        <test-method is-config="true" signature="aftermethod()[pri:0, instance:basic.Ps1@6c64cb25]" started-at="2024-01-09T23:38:09 IST" name="aftermethod" finished-at="2024-01-09T23:38:09 IST" duration-ms="1" status="PASS">
          <reporter-output>
          </reporter-output>
        </test-method> <!-- aftermethod -->
        <test-method is-config="true" signature="runningfirst()[pri:0, instance:basic.Ps1@6c64cb25]" started-at="2024-01-09T23:38:09 IST" name="runningfirst" finished-at="2024-01-09T23:38:09 IST" duration-ms="1" status="PASS">
          <reporter-output>
          </reporter-output>
        </test-method> <!-- runningfirst -->
        <test-method signature="login()[pri:0, instance:basic.Ps1@6c64cb25]" started-at="2024-01-09T23:38:09 IST" name="login" finished-at="2024-01-09T23:38:09 IST" duration-ms="7" status="PASS">
          <reporter-output>
          </reporter-output>
        </test-method> <!-- login -->
        <test-method is-config="true" signature="aftermethod()[pri:0, instance:basic.Ps1@6c64cb25]" started-at="2024-01-09T23:38:09 IST" name="aftermethod" finished-at="2024-01-09T23:38:09 IST" duration-ms="1" status="PASS">
          <reporter-output>
          </reporter-output>
        </test-method> <!-- aftermethod -->
      </class> <!-- basic.Ps1 -->
    </test> <!-- Default test -->
  </suite> <!-- Default suite -->
</testng-results>
